TN:
SF:src\App.tsx
FN:1,(empty-report)
FNF:1
FNH:0
FNDA:0,(empty-report)
DA:1,0
DA:3,0
DA:4,0
DA:5,0
DA:6,0
DA:7,0
DA:8,0
DA:10,0
LF:8
LH:0
BRDA:1,0,0,0
BRF:1
BRH:0
end_of_record
TN:
SF:src\main.tsx
FN:1,(empty-report)
FNF:1
FNH:0
FNDA:0,(empty-report)
DA:1,0
DA:2,0
DA:3,0
DA:5,0
DA:6,0
DA:7,0
DA:8,0
DA:9,0
DA:10,0
DA:11,0
LF:10
LH:0
BRDA:1,0,0,0
BRF:1
BRH:0
end_of_record
TN:
SF:src\lib\music\seededRandom.ts
FN:2,mulberry32
FN:12,randomInt
FN:16,randomFloat
FNF:3
FNH:3
FNDA:7,mulberry32
FNDA:105,randomInt
FNDA:35,randomFloat
DA:2,1
DA:3,7
DA:4,7
DA:5,212
DA:6,212
DA:7,212
DA:8,212
DA:9,212
DA:10,7
DA:12,1
DA:13,105
DA:14,105
DA:16,1
DA:17,35
DA:18,35
LF:15
LH:15
BRDA:2,0,0,7
BRDA:4,1,0,212
BRDA:12,2,0,105
BRDA:16,3,0,35
BRF:4
BRH:4
end_of_record
TN:
SF:src\lib\music\engines\stochastic.ts
FN:12,generate
FNF:1
FNH:1
FNDA:3,generate
DA:1,1
DA:4,1
DA:5,1
DA:6,1
DA:7,1
DA:8,1
DA:10,1
DA:11,1
DA:12,1
DA:13,3
DA:14,3
DA:15,3
DA:16,3
DA:17,3
DA:19,3
DA:20,3
DA:21,3
DA:22,3
DA:23,3
DA:25,52
DA:26,35
DA:27,35
DA:28,35
DA:29,35
DA:30,35
DA:31,35
DA:32,35
DA:33,35
DA:34,52
DA:35,52
DA:36,52
DA:37,3
DA:38,3
DA:39,1
LF:34
LH:34
BRDA:12,0,0,3
BRDA:15,1,0,0
BRDA:19,2,0,1
BRDA:19,3,0,2
BRDA:19,4,0,0
BRDA:23,5,0,52
BRDA:25,6,0,35
BRDA:35,7,0,2
BRF:8
BRH:6
end_of_record
TN:
SF:src\lib\music\engines\types.ts
FN:1,(empty-report)
FNF:1
FNH:1
FNDA:1,(empty-report)
LF:0
LH:0
BRDA:1,0,0,1
BRF:1
BRH:1
end_of_record
